<?xml version="1.0" encoding="UTF-8"?>
<testsuite name="com.webflux.app.AppApplicationTests" tests="1" skipped="0" failures="0" errors="0" timestamp="2019-07-22T21:36:36" hostname="BR0FVFWM13YHV2G" time="0.235">
  <properties/>
  <testcase name="contextLoads" classname="com.webflux.app.AppApplicationTests" time="0.235"/>
  <system-out><![CDATA[18:36:29.193 [Test worker] DEBUG org.springframework.test.context.junit4.SpringJUnit4ClassRunner - SpringJUnit4ClassRunner constructor called with [class com.webflux.app.AppApplicationTests]
18:36:29.205 [Test worker] DEBUG org.springframework.test.context.BootstrapUtils - Instantiating CacheAwareContextLoaderDelegate from class [org.springframework.test.context.cache.DefaultCacheAwareContextLoaderDelegate]
18:36:29.217 [Test worker] DEBUG org.springframework.test.context.BootstrapUtils - Instantiating BootstrapContext using constructor [public org.springframework.test.context.support.DefaultBootstrapContext(java.lang.Class,org.springframework.test.context.CacheAwareContextLoaderDelegate)]
18:36:29.239 [Test worker] DEBUG org.springframework.test.context.BootstrapUtils - Instantiating TestContextBootstrapper for test class [com.webflux.app.AppApplicationTests] from class [org.springframework.boot.test.context.SpringBootTestContextBootstrapper]
18:36:29.260 [Test worker] INFO org.springframework.boot.test.context.SpringBootTestContextBootstrapper - Neither @ContextConfiguration nor @ContextHierarchy found for test class [com.webflux.app.AppApplicationTests], using SpringBootContextLoader
18:36:29.265 [Test worker] DEBUG org.springframework.test.context.support.AbstractContextLoader - Did not detect default resource location for test class [com.webflux.app.AppApplicationTests]: class path resource [com/webflux/app/AppApplicationTests-context.xml] does not exist
18:36:29.266 [Test worker] DEBUG org.springframework.test.context.support.AbstractContextLoader - Did not detect default resource location for test class [com.webflux.app.AppApplicationTests]: class path resource [com/webflux/app/AppApplicationTestsContext.groovy] does not exist
18:36:29.267 [Test worker] INFO org.springframework.test.context.support.AbstractContextLoader - Could not detect default resource locations for test class [com.webflux.app.AppApplicationTests]: no resource found for suffixes {-context.xml, Context.groovy}.
18:36:29.268 [Test worker] INFO org.springframework.test.context.support.AnnotationConfigContextLoaderUtils - Could not detect default configuration classes for test class [com.webflux.app.AppApplicationTests]: AppApplicationTests does not declare any static, non-private, non-final, nested classes annotated with @Configuration.
18:36:29.337 [Test worker] DEBUG org.springframework.test.context.support.ActiveProfilesUtils - Could not find an 'annotation declaring class' for annotation type [org.springframework.test.context.ActiveProfiles] and class [com.webflux.app.AppApplicationTests]
18:36:29.434 [Test worker] DEBUG org.springframework.context.annotation.ClassPathScanningCandidateComponentProvider - Identified candidate component class: file [/Users/wcarvalho/Desktop/projetos/node/lixo/app-be/build/classes/java/main/com/webflux/app/AppApplication.class]
18:36:29.436 [Test worker] INFO org.springframework.boot.test.context.SpringBootTestContextBootstrapper - Found @SpringBootConfiguration com.webflux.app.AppApplication for test class com.webflux.app.AppApplicationTests
18:36:29.546 [Test worker] DEBUG org.springframework.boot.test.context.SpringBootTestContextBootstrapper - @TestExecutionListeners is not present for class [com.webflux.app.AppApplicationTests]: using defaults.
18:36:29.547 [Test worker] INFO org.springframework.boot.test.context.SpringBootTestContextBootstrapper - Loaded default TestExecutionListener class names from location [META-INF/spring.factories]: [org.springframework.boot.test.autoconfigure.restdocs.RestDocsTestExecutionListener, org.springframework.boot.test.autoconfigure.web.client.MockRestServiceServerResetTestExecutionListener, org.springframework.boot.test.autoconfigure.web.servlet.MockMvcPrintOnlyOnFailureTestExecutionListener, org.springframework.boot.test.autoconfigure.web.servlet.WebDriverTestExecutionListener, org.springframework.boot.test.mock.mockito.MockitoTestExecutionListener, org.springframework.boot.test.mock.mockito.ResetMocksTestExecutionListener, org.springframework.test.context.web.ServletTestExecutionListener, org.springframework.test.context.support.DirtiesContextBeforeModesTestExecutionListener, org.springframework.test.context.support.DependencyInjectionTestExecutionListener, org.springframework.test.context.support.DirtiesContextTestExecutionListener, org.springframework.test.context.transaction.TransactionalTestExecutionListener, org.springframework.test.context.jdbc.SqlScriptsTestExecutionListener]
18:36:29.562 [Test worker] DEBUG org.springframework.boot.test.context.SpringBootTestContextBootstrapper - Skipping candidate TestExecutionListener [org.springframework.test.context.web.ServletTestExecutionListener] due to a missing dependency. Specify custom listener classes or make the default listener classes and their required dependencies available. Offending class: [javax/servlet/ServletContext]
18:36:29.575 [Test worker] INFO org.springframework.boot.test.context.SpringBootTestContextBootstrapper - Using TestExecutionListeners: [org.springframework.test.context.support.DirtiesContextBeforeModesTestExecutionListener@77938f2e, org.springframework.boot.test.mock.mockito.MockitoTestExecutionListener@33a4ad51, org.springframework.boot.test.autoconfigure.SpringBootDependencyInjectionTestExecutionListener@5e54c73f, org.springframework.test.context.support.DirtiesContextTestExecutionListener@4b5570b5, org.springframework.test.context.transaction.TransactionalTestExecutionListener@20d47c0e, org.springframework.test.context.jdbc.SqlScriptsTestExecutionListener@368c8360, org.springframework.boot.test.autoconfigure.restdocs.RestDocsTestExecutionListener@4e99d7b1, org.springframework.boot.test.autoconfigure.web.client.MockRestServiceServerResetTestExecutionListener@2e29d60f, org.springframework.boot.test.autoconfigure.web.servlet.MockMvcPrintOnlyOnFailureTestExecutionListener@2d1eebc8, org.springframework.boot.test.autoconfigure.web.servlet.WebDriverTestExecutionListener@7fdbfa88, org.springframework.boot.test.mock.mockito.ResetMocksTestExecutionListener@7f7f8e9d]
18:36:29.580 [Test worker] DEBUG org.springframework.test.annotation.ProfileValueUtils - Retrieved @ProfileValueSourceConfiguration [null] for test class [com.webflux.app.AppApplicationTests]
18:36:29.580 [Test worker] DEBUG org.springframework.test.annotation.ProfileValueUtils - Retrieved ProfileValueSource type [class org.springframework.test.annotation.SystemProfileValueSource] for class [com.webflux.app.AppApplicationTests]
18:36:29.581 [Test worker] DEBUG org.springframework.test.annotation.ProfileValueUtils - Retrieved @ProfileValueSourceConfiguration [null] for test class [com.webflux.app.AppApplicationTests]
18:36:29.581 [Test worker] DEBUG org.springframework.test.annotation.ProfileValueUtils - Retrieved ProfileValueSource type [class org.springframework.test.annotation.SystemProfileValueSource] for class [com.webflux.app.AppApplicationTests]
18:36:29.593 [Test worker] DEBUG org.springframework.test.context.support.AbstractDirtiesContextTestExecutionListener - Before test class: context [DefaultTestContext@484daa6e testClass = AppApplicationTests, testInstance = [null], testMethod = [null], testException = [null], mergedContextConfiguration = [ReactiveWebMergedContextConfiguration@35ca0ce1 testClass = AppApplicationTests, locations = '{}', classes = '{class com.webflux.app.AppApplication}', contextInitializerClasses = '[]', activeProfiles = '{}', propertySourceLocations = '{}', propertySourceProperties = '{org.springframework.boot.test.context.SpringBootTestContextBootstrapper=true}', contextCustomizers = set[org.springframework.boot.test.autoconfigure.properties.PropertyMappingContextCustomizer@0, org.springframework.boot.test.autoconfigure.web.servlet.WebDriverContextCustomizerFactory$Customizer@36291982, org.springframework.boot.test.context.filter.ExcludeFilterContextCustomizer@de4e1ac, org.springframework.boot.test.json.DuplicateJsonObjectContextCustomizerFactory$DuplicateJsonObjectContextCustomizer@17ac7f18, org.springframework.boot.test.mock.mockito.MockitoContextCustomizer@0, org.springframework.boot.test.web.client.TestRestTemplateContextCustomizer@2aaf07a8, org.springframework.boot.test.web.reactive.server.WebTestClientContextCustomizer@ebb8f8d], contextLoader = 'org.springframework.boot.test.context.SpringBootContextLoader', parent = [null]], attributes = map[[empty]]], class annotated with @DirtiesContext [false] with mode [null].
18:36:29.594 [Test worker] DEBUG org.springframework.test.annotation.ProfileValueUtils - Retrieved @ProfileValueSourceConfiguration [null] for test class [com.webflux.app.AppApplicationTests]
18:36:29.594 [Test worker] DEBUG org.springframework.test.annotation.ProfileValueUtils - Retrieved ProfileValueSource type [class org.springframework.test.annotation.SystemProfileValueSource] for class [com.webflux.app.AppApplicationTests]
18:36:29.611 [Test worker] DEBUG org.springframework.test.context.support.DependencyInjectionTestExecutionListener - Performing dependency injection for test context [[DefaultTestContext@484daa6e testClass = AppApplicationTests, testInstance = com.webflux.app.AppApplicationTests@5319de13, testMethod = [null], testException = [null], mergedContextConfiguration = [ReactiveWebMergedContextConfiguration@35ca0ce1 testClass = AppApplicationTests, locations = '{}', classes = '{class com.webflux.app.AppApplication}', contextInitializerClasses = '[]', activeProfiles = '{}', propertySourceLocations = '{}', propertySourceProperties = '{org.springframework.boot.test.context.SpringBootTestContextBootstrapper=true}', contextCustomizers = set[org.springframework.boot.test.autoconfigure.properties.PropertyMappingContextCustomizer@0, org.springframework.boot.test.autoconfigure.web.servlet.WebDriverContextCustomizerFactory$Customizer@36291982, org.springframework.boot.test.context.filter.ExcludeFilterContextCustomizer@de4e1ac, org.springframework.boot.test.json.DuplicateJsonObjectContextCustomizerFactory$DuplicateJsonObjectContextCustomizer@17ac7f18, org.springframework.boot.test.mock.mockito.MockitoContextCustomizer@0, org.springframework.boot.test.web.client.TestRestTemplateContextCustomizer@2aaf07a8, org.springframework.boot.test.web.reactive.server.WebTestClientContextCustomizer@ebb8f8d], contextLoader = 'org.springframework.boot.test.context.SpringBootContextLoader', parent = [null]], attributes = map[[empty]]]].
18:36:29.630 [Test worker] DEBUG org.springframework.test.context.support.TestPropertySourceUtils - Adding inlined properties to environment: {spring.jmx.enabled=false, org.springframework.boot.test.context.SpringBootTestContextBootstrapper=true, server.port=-1}

  .   ____          _            __ _ _
 /\\ / ___'_ __ _ _(_)_ __  __ _ \ \ \ \
( ( )\___ | '_ | '_| | '_ \/ _` | \ \ \ \
 \\/  ___)| |_)| | | | | || (_| |  ) ) ) )
  '  |____| .__|_| |_|_| |_\__, | / / / /
 =========|_|==============|___/=/_/_/_/
 :: Spring Boot ::        (v2.1.6.RELEASE)

2019-07-22 18:36:29.990  INFO 21489 --- [    Test worker] com.webflux.app.AppApplicationTests      : Starting AppApplicationTests on BR0FVFWM13YHV2G with PID 21489 (started by wcarvalho in /Users/wcarvalho/Desktop/projetos/node/lixo/app-be)
2019-07-22 18:36:29.992  INFO 21489 --- [    Test worker] com.webflux.app.AppApplicationTests      : No active profile set, falling back to default profiles: default
2019-07-22 18:36:30.739  INFO 21489 --- [    Test worker] .s.d.r.c.RepositoryConfigurationDelegate : Bootstrapping Spring Data repositories in DEFAULT mode.
2019-07-22 18:36:30.955  INFO 21489 --- [    Test worker] .s.d.r.c.RepositoryConfigurationDelegate : Finished Spring Data repository scanning in 206ms. Found 1 repository interfaces.
2019-07-22 18:36:31.763  INFO 21489 --- [    Test worker] com.zaxxer.hikari.HikariDataSource       : HikariPool-1 - Starting...
2019-07-22 18:36:31.956  INFO 21489 --- [    Test worker] com.zaxxer.hikari.HikariDataSource       : HikariPool-1 - Start completed.
2019-07-22 18:36:32.107  INFO 21489 --- [    Test worker] o.hibernate.jpa.internal.util.LogHelper  : HHH000204: Processing PersistenceUnitInfo [
	name: default
	...]
2019-07-22 18:36:32.211  INFO 21489 --- [    Test worker] org.hibernate.Version                    : HHH000412: Hibernate Core {5.3.10.Final}
2019-07-22 18:36:32.213  INFO 21489 --- [    Test worker] org.hibernate.cfg.Environment            : HHH000206: hibernate.properties not found
2019-07-22 18:36:32.371  INFO 21489 --- [    Test worker] o.hibernate.annotations.common.Version   : HCANN000001: Hibernate Commons Annotations {5.0.4.Final}
2019-07-22 18:36:32.548  INFO 21489 --- [    Test worker] org.hibernate.dialect.Dialect            : HHH000400: Using dialect: org.hibernate.dialect.H2Dialect
Hibernate: drop table person if exists
Hibernate: drop sequence if exists hibernate_sequence
Hibernate: create sequence hibernate_sequence start with 1 increment by 1
Hibernate: create table person (id bigint not null, email varchar(255), nickname varchar(255), primary key (id))
2019-07-22 18:36:33.170  INFO 21489 --- [    Test worker] o.h.t.schema.internal.SchemaCreatorImpl  : HHH000476: Executing import script 'org.hibernate.tool.schema.internal.exec.ScriptSourceInputNonExistentImpl@51c27d7c'
2019-07-22 18:36:33.174  INFO 21489 --- [    Test worker] j.LocalContainerEntityManagerFactoryBean : Initialized JPA EntityManagerFactory for persistence unit 'default'
2019-07-22 18:36:35.267  INFO 21489 --- [    Test worker] com.webflux.app.AppApplicationTests      : Started AppApplicationTests in 5.624 seconds (JVM running for 6.958)
Hibernate: select person0_.id as id1_0_0_, person0_.email as email2_0_0_, person0_.nickname as nickname3_0_0_ from person person0_ where person0_.id=?
Hibernate: call next value for hibernate_sequence
Hibernate: insert into person (email, nickname, id) values (?, ?, ?)
2019-07-22 18:36:35.562  INFO 21489 --- [    Test worker] o.h.h.i.QueryTranslatorFactoryInitiator  : HHH000397: Using ASTQueryTranslatorFactory
Hibernate: select person0_.id as id1_0_, person0_.email as email2_0_, person0_.nickname as nickname3_0_ from person person0_
]]></system-out>
  <system-err><![CDATA[]]></system-err>
</testsuite>
