<?xml version="1.0" encoding="UTF-8"?>
<testsuite name="com.webflux.app.AppApplicationTests" tests="1" skipped="0" failures="0" errors="0" timestamp="2019-07-23T16:04:49" hostname="BR0FVFWM13YHV2G" time="0.056">
  <properties/>
  <testcase name="contextLoads" classname="com.webflux.app.AppApplicationTests" time="0.056"/>
  <system-out><![CDATA[13:04:39.547 [Test worker] DEBUG org.springframework.test.context.junit4.SpringJUnit4ClassRunner - SpringJUnit4ClassRunner constructor called with [class com.webflux.app.AppApplicationTests]
13:04:39.560 [Test worker] DEBUG org.springframework.test.context.BootstrapUtils - Instantiating CacheAwareContextLoaderDelegate from class [org.springframework.test.context.cache.DefaultCacheAwareContextLoaderDelegate]
13:04:39.580 [Test worker] DEBUG org.springframework.test.context.BootstrapUtils - Instantiating BootstrapContext using constructor [public org.springframework.test.context.support.DefaultBootstrapContext(java.lang.Class,org.springframework.test.context.CacheAwareContextLoaderDelegate)]
13:04:39.634 [Test worker] DEBUG org.springframework.test.context.BootstrapUtils - Instantiating TestContextBootstrapper for test class [com.webflux.app.AppApplicationTests] from class [org.springframework.boot.test.context.SpringBootTestContextBootstrapper]
13:04:39.659 [Test worker] INFO org.springframework.boot.test.context.SpringBootTestContextBootstrapper - Neither @ContextConfiguration nor @ContextHierarchy found for test class [com.webflux.app.AppApplicationTests], using SpringBootContextLoader
13:04:39.674 [Test worker] DEBUG org.springframework.test.context.support.AbstractContextLoader - Did not detect default resource location for test class [com.webflux.app.AppApplicationTests]: class path resource [com/webflux/app/AppApplicationTests-context.xml] does not exist
13:04:39.675 [Test worker] DEBUG org.springframework.test.context.support.AbstractContextLoader - Did not detect default resource location for test class [com.webflux.app.AppApplicationTests]: class path resource [com/webflux/app/AppApplicationTestsContext.groovy] does not exist
13:04:39.676 [Test worker] INFO org.springframework.test.context.support.AbstractContextLoader - Could not detect default resource locations for test class [com.webflux.app.AppApplicationTests]: no resource found for suffixes {-context.xml, Context.groovy}.
13:04:39.677 [Test worker] INFO org.springframework.test.context.support.AnnotationConfigContextLoaderUtils - Could not detect default configuration classes for test class [com.webflux.app.AppApplicationTests]: AppApplicationTests does not declare any static, non-private, non-final, nested classes annotated with @Configuration.
13:04:39.760 [Test worker] DEBUG org.springframework.test.context.support.ActiveProfilesUtils - Could not find an 'annotation declaring class' for annotation type [org.springframework.test.context.ActiveProfiles] and class [com.webflux.app.AppApplicationTests]
13:04:39.918 [Test worker] DEBUG org.springframework.context.annotation.ClassPathScanningCandidateComponentProvider - Identified candidate component class: file [/Users/wcarvalho/Desktop/projetos/node/lixo/app-be/build/classes/java/main/com/webflux/app/AppApplication.class]
13:04:39.924 [Test worker] INFO org.springframework.boot.test.context.SpringBootTestContextBootstrapper - Found @SpringBootConfiguration com.webflux.app.AppApplication for test class com.webflux.app.AppApplicationTests
13:04:40.195 [Test worker] DEBUG org.springframework.boot.test.context.SpringBootTestContextBootstrapper - @TestExecutionListeners is not present for class [com.webflux.app.AppApplicationTests]: using defaults.
13:04:40.196 [Test worker] INFO org.springframework.boot.test.context.SpringBootTestContextBootstrapper - Loaded default TestExecutionListener class names from location [META-INF/spring.factories]: [org.springframework.boot.test.autoconfigure.restdocs.RestDocsTestExecutionListener, org.springframework.boot.test.autoconfigure.web.client.MockRestServiceServerResetTestExecutionListener, org.springframework.boot.test.autoconfigure.web.servlet.MockMvcPrintOnlyOnFailureTestExecutionListener, org.springframework.boot.test.autoconfigure.web.servlet.WebDriverTestExecutionListener, org.springframework.boot.test.mock.mockito.MockitoTestExecutionListener, org.springframework.boot.test.mock.mockito.ResetMocksTestExecutionListener, org.springframework.test.context.web.ServletTestExecutionListener, org.springframework.test.context.support.DirtiesContextBeforeModesTestExecutionListener, org.springframework.test.context.support.DependencyInjectionTestExecutionListener, org.springframework.test.context.support.DirtiesContextTestExecutionListener, org.springframework.test.context.transaction.TransactionalTestExecutionListener, org.springframework.test.context.jdbc.SqlScriptsTestExecutionListener]
13:04:40.219 [Test worker] DEBUG org.springframework.boot.test.context.SpringBootTestContextBootstrapper - Skipping candidate TestExecutionListener [org.springframework.test.context.web.ServletTestExecutionListener] due to a missing dependency. Specify custom listener classes or make the default listener classes and their required dependencies available. Offending class: [javax/servlet/ServletContext]
13:04:40.247 [Test worker] INFO org.springframework.boot.test.context.SpringBootTestContextBootstrapper - Using TestExecutionListeners: [org.springframework.test.context.support.DirtiesContextBeforeModesTestExecutionListener@53f0244c, org.springframework.boot.test.mock.mockito.MockitoTestExecutionListener@6c4eeebe, org.springframework.boot.test.autoconfigure.SpringBootDependencyInjectionTestExecutionListener@196ad589, org.springframework.test.context.support.DirtiesContextTestExecutionListener@44d3679c, org.springframework.test.context.transaction.TransactionalTestExecutionListener@1653e90e, org.springframework.test.context.jdbc.SqlScriptsTestExecutionListener@df3de64, org.springframework.boot.test.autoconfigure.restdocs.RestDocsTestExecutionListener@427a84ce, org.springframework.boot.test.autoconfigure.web.client.MockRestServiceServerResetTestExecutionListener@1dcae49a, org.springframework.boot.test.autoconfigure.web.servlet.MockMvcPrintOnlyOnFailureTestExecutionListener@14d865b4, org.springframework.boot.test.autoconfigure.web.servlet.WebDriverTestExecutionListener@74b99b5, org.springframework.boot.test.mock.mockito.ResetMocksTestExecutionListener@11812166]
13:04:40.262 [Test worker] DEBUG org.springframework.test.annotation.ProfileValueUtils - Retrieved @ProfileValueSourceConfiguration [null] for test class [com.webflux.app.AppApplicationTests]
13:04:40.263 [Test worker] DEBUG org.springframework.test.annotation.ProfileValueUtils - Retrieved ProfileValueSource type [class org.springframework.test.annotation.SystemProfileValueSource] for class [com.webflux.app.AppApplicationTests]
13:04:40.265 [Test worker] DEBUG org.springframework.test.annotation.ProfileValueUtils - Retrieved @ProfileValueSourceConfiguration [null] for test class [com.webflux.app.AppApplicationTests]
13:04:40.266 [Test worker] DEBUG org.springframework.test.annotation.ProfileValueUtils - Retrieved ProfileValueSource type [class org.springframework.test.annotation.SystemProfileValueSource] for class [com.webflux.app.AppApplicationTests]
13:04:40.276 [Test worker] DEBUG org.springframework.test.context.support.AbstractDirtiesContextTestExecutionListener - Before test class: context [DefaultTestContext@78da0491 testClass = AppApplicationTests, testInstance = [null], testMethod = [null], testException = [null], mergedContextConfiguration = [ReactiveWebMergedContextConfiguration@320c05fc testClass = AppApplicationTests, locations = '{}', classes = '{class com.webflux.app.AppApplication}', contextInitializerClasses = '[]', activeProfiles = '{}', propertySourceLocations = '{}', propertySourceProperties = '{org.springframework.boot.test.context.SpringBootTestContextBootstrapper=true}', contextCustomizers = set[org.springframework.boot.test.autoconfigure.properties.PropertyMappingContextCustomizer@0, org.springframework.boot.test.autoconfigure.web.servlet.WebDriverContextCustomizerFactory$Customizer@2f8da197, org.springframework.boot.test.context.filter.ExcludeFilterContextCustomizer@69800b43, org.springframework.boot.test.json.DuplicateJsonObjectContextCustomizerFactory$DuplicateJsonObjectContextCustomizer@499e49c6, org.springframework.boot.test.mock.mockito.MockitoContextCustomizer@0, org.springframework.boot.test.web.client.TestRestTemplateContextCustomizer@61d5d626, org.springframework.boot.test.web.reactive.server.WebTestClientContextCustomizer@5ad8782], contextLoader = 'org.springframework.boot.test.context.SpringBootContextLoader', parent = [null]], attributes = map[[empty]]], class annotated with @DirtiesContext [false] with mode [null].
13:04:40.291 [Test worker] DEBUG org.springframework.test.annotation.ProfileValueUtils - Retrieved @ProfileValueSourceConfiguration [null] for test class [com.webflux.app.AppApplicationTests]
13:04:40.292 [Test worker] DEBUG org.springframework.test.annotation.ProfileValueUtils - Retrieved ProfileValueSource type [class org.springframework.test.annotation.SystemProfileValueSource] for class [com.webflux.app.AppApplicationTests]
13:04:40.301 [Test worker] DEBUG org.springframework.test.context.support.DependencyInjectionTestExecutionListener - Performing dependency injection for test context [[DefaultTestContext@78da0491 testClass = AppApplicationTests, testInstance = com.webflux.app.AppApplicationTests@7b54abc5, testMethod = [null], testException = [null], mergedContextConfiguration = [ReactiveWebMergedContextConfiguration@320c05fc testClass = AppApplicationTests, locations = '{}', classes = '{class com.webflux.app.AppApplication}', contextInitializerClasses = '[]', activeProfiles = '{}', propertySourceLocations = '{}', propertySourceProperties = '{org.springframework.boot.test.context.SpringBootTestContextBootstrapper=true}', contextCustomizers = set[org.springframework.boot.test.autoconfigure.properties.PropertyMappingContextCustomizer@0, org.springframework.boot.test.autoconfigure.web.servlet.WebDriverContextCustomizerFactory$Customizer@2f8da197, org.springframework.boot.test.context.filter.ExcludeFilterContextCustomizer@69800b43, org.springframework.boot.test.json.DuplicateJsonObjectContextCustomizerFactory$DuplicateJsonObjectContextCustomizer@499e49c6, org.springframework.boot.test.mock.mockito.MockitoContextCustomizer@0, org.springframework.boot.test.web.client.TestRestTemplateContextCustomizer@61d5d626, org.springframework.boot.test.web.reactive.server.WebTestClientContextCustomizer@5ad8782], contextLoader = 'org.springframework.boot.test.context.SpringBootContextLoader', parent = [null]], attributes = map[[empty]]]].
13:04:40.349 [Test worker] DEBUG org.springframework.test.context.support.TestPropertySourceUtils - Adding inlined properties to environment: {spring.jmx.enabled=false, org.springframework.boot.test.context.SpringBootTestContextBootstrapper=true, server.port=-1}

  .   ____          _            __ _ _
 /\\ / ___'_ __ _ _(_)_ __  __ _ \ \ \ \
( ( )\___ | '_ | '_| | '_ \/ _` | \ \ \ \
 \\/  ___)| |_)| | | | | || (_| |  ) ) ) )
  '  |____| .__|_| |_|_| |_\__, | / / / /
 =========|_|==============|___/=/_/_/_/
 :: Spring Boot ::        (v2.1.6.RELEASE)

2019-07-23 13:04:41.375  INFO 97611 --- [    Test worker] com.webflux.app.AppApplicationTests      : Starting AppApplicationTests on BR0FVFWM13YHV2G with PID 97611 (started by wcarvalho in /Users/wcarvalho/Desktop/projetos/node/lixo/app-be)
2019-07-23 13:04:41.377  INFO 97611 --- [    Test worker] com.webflux.app.AppApplicationTests      : No active profile set, falling back to default profiles: default
2019-07-23 13:04:42.388  INFO 97611 --- [    Test worker] .s.d.r.c.RepositoryConfigurationDelegate : Bootstrapping Spring Data repositories in DEFAULT mode.
2019-07-23 13:04:42.660  INFO 97611 --- [    Test worker] .s.d.r.c.RepositoryConfigurationDelegate : Finished Spring Data repository scanning in 256ms. Found 1 repository interfaces.
2019-07-23 13:04:44.081  INFO 97611 --- [    Test worker] com.zaxxer.hikari.HikariDataSource       : HikariPool-1 - Starting...
2019-07-23 13:04:44.543  INFO 97611 --- [    Test worker] com.zaxxer.hikari.HikariDataSource       : HikariPool-1 - Start completed.
2019-07-23 13:04:44.685  INFO 97611 --- [    Test worker] o.hibernate.jpa.internal.util.LogHelper  : HHH000204: Processing PersistenceUnitInfo [
	name: default
	...]
2019-07-23 13:04:44.838  INFO 97611 --- [    Test worker] org.hibernate.Version                    : HHH000412: Hibernate Core {5.3.10.Final}
2019-07-23 13:04:44.840  INFO 97611 --- [    Test worker] org.hibernate.cfg.Environment            : HHH000206: hibernate.properties not found
2019-07-23 13:04:45.098  INFO 97611 --- [    Test worker] o.hibernate.annotations.common.Version   : HCANN000001: Hibernate Commons Annotations {5.0.4.Final}
2019-07-23 13:04:45.398  INFO 97611 --- [    Test worker] org.hibernate.dialect.Dialect            : HHH000400: Using dialect: org.hibernate.dialect.H2Dialect
Hibernate: drop table person if exists
Hibernate: drop sequence if exists hibernate_sequence
Hibernate: create sequence hibernate_sequence start with 1 increment by 1
Hibernate: create table person (id bigint not null, email varchar(255), nickname varchar(255), primary key (id))
2019-07-23 13:04:46.524  INFO 97611 --- [    Test worker] o.h.t.schema.internal.SchemaCreatorImpl  : HHH000476: Executing import script 'org.hibernate.tool.schema.internal.exec.ScriptSourceInputNonExistentImpl@14bff880'
2019-07-23 13:04:46.538  INFO 97611 --- [    Test worker] j.LocalContainerEntityManagerFactoryBean : Initialized JPA EntityManagerFactory for persistence unit 'default'
2019-07-23 13:04:48.719  INFO 97611 --- [    Test worker] com.webflux.app.AppApplicationTests      : Started AppApplicationTests in 8.341 seconds (JVM running for 10.251)
Hibernate: select person0_.id as id1_0_0_, person0_.email as email2_0_0_, person0_.nickname as nickname3_0_0_ from person person0_ where person0_.id=?
Hibernate: call next value for hibernate_sequence
Hibernate: insert into person (email, nickname, id) values (?, ?, ?)
2019-07-23 13:04:48.832  INFO 97611 --- [    Test worker] o.h.h.i.QueryTranslatorFactoryInitiator  : HHH000397: Using ASTQueryTranslatorFactory
Hibernate: select person0_.id as id1_0_, person0_.email as email2_0_, person0_.nickname as nickname3_0_ from person person0_
]]></system-out>
  <system-err><![CDATA[]]></system-err>
</testsuite>
